     sudo ln -s libtheoradec.so.1.1.4 libtheoradec.so
     sudo ln -s libtheoraenc.so.1.1.2 libtheoraenc.so
     sudo ln -s librsvg-2.so.2.44.10 librsvg-2.so
     sudo ln -s libssh-gcrypt.so.4.7.4 libssh-gcrypt.so
     sudo ln -s libzmq.so.5.2.1 libzmq.so
     sudo ln -s libflite.so.2.1 libflite.so
     sudo ln -s libflite_cmu_us_slt.so.2.1 libflite_cmu_us_slt.so
     sudo ln -s libflite_cmu_us_rms.so.2.1 libflite_cmu_us_rms.so
     sudo ln -s libflite_cmu_us_kal.so.2.1 libflite_cmu_us_kal.so
     sudo ln -s libflite_cmu_us_kal16.so.2.1 libflite_cmu_us_kal16.so
     sudo ln -s libflite_cmu_us_awb.so.2.1 libflite_cmu_us_awb.so
     sudo ln -s liblilv-0.so.0.24.2 liblilv-0.so
     sudo ln -s libcdio_cdda.so.2.0.0 libcdio_cdda.so
     sudo ln -s libcdio_paranoia.so.2.0.0 libcdio_paranoia.so
     sudo ln -s libsndfile.so.1 libsndfile.so
     sudo ln -s libwrap.so.0.7.6 libwrap.so
     sudo ln -s libcroco-0.6.so.3.0.1 libcroco-0.6.so
     sudo ln -s libpango-1.0.so.0.4200.3 libpango-1.0.so
     sudo ln -s libpangoft2-1.0.so.0.4200.3 libpangoft2-1.0.so
     sudo ln -s libpangocairo-1.0.so.0.4200.3 libpangocairo-1.0.so
     sudo ln -s libgdk_pixbuf-2.0.so.0 libgdk_pixbuf-2.0.so
     sudo ln -s libflite_cmulex.so.1 libflite_cmulex.so
     sudo ln -s libflite_usenglish.so.2.1 libflite_usenglish.so
     sudo ln -s libsamplerate.so.0.1.8 libsamplerate.so
     sudo ln -s libsratom-0.so.0.6.0 libsratom-0.so
     sudo ln -s libsord-0.so.0.16.0 libsord-0.so
     sudo ln -s libserd-0.so.0.28.0 libserd-0.so
     sudo ln -s libusb-1.0.so.0.1.0 libusb-1.0.so
